#
# An unexpected error has been detected by Java Runtime Environment:
#
#  EXCEPTION_ACCESS_VIOLATION (0xc0000005) at pc=0x0000000078efb8a8, pid=2736, tid=2840
#
# Java VM: Java HotSpot(TM) 64-Bit Server VM (1.6.0-b105 mixed mode)
# Problematic frame:
# C  [ntdll.dll+0x3b8a8]
#
# If you would like to submit a bug report, please visit:
#   http://java.sun.com/webapps/bugreport/crash.jsp
#

---------------  T H R E A D  ---------------

Current thread (0x0000000041ccb000):  JavaThread "Thread-32" [_thread_in_native, id=2840]

siginfo: ExceptionCode=0xc0000005, reading address 0x0000000d00000005

Registers:
EAX=0x00000000542a1080, EBX=0x00000000043d02c8, ECX=0x0000000000000019, EDX=0x0000000078f0f800
ESP=0x0000000008acf1d0, EBP=0x0000000050f189f0, ESI=0x00000000000000f9, EDI=0x00000000043d0000
EIP=0x0000000078efb8a8, EFLAGS=0x0000000000010297

Top of Stack: (sp=0x0000000008acf1d0)
0x0000000008acf1d0:   0000000000000000 0000000050f189f0
0x0000000008acf1e0:   00000000043d02c8 00000000043d0000
0x0000000008acf1f0:   00000000421e1160 00000000421e11b8
0x0000000008acf200:   00000000421e1001 00000000000fb000
0x0000000008acf210:   000000003a1d5070 0000000000001000
0x0000000008acf220:   0000000000000001 00000000421e11a0
0x0000000008acf230:   0000000041ccb000 0000000008acf550
0x0000000008acf240:   0000000000000000 000000000000015a
0x0000000008acf250:   000000000ba808f0 000000000bbfe1d2
0x0000000008acf260:   0000000008acf520 000000000000fb00
0x0000000008acf270:   00000000043d02c8 00000000421e11a0
0x0000000008acf280:   000000003a1d5070 0000000078ef5ada
0x0000000008acf290:   0000000000000000 000000005003aaa0
0x0000000008acf2a0:   0000000008acf320 00000000043d02c8
0x0000000008acf2b0:   00000000000000f9 0000000000000000
0x0000000008acf2c0:   00000000043d0000 0000000d0000000d 

Instructions: (pc=0x0000000078efb8a8)
0x0000000078efb898:   3b c8 74 bd 0f b7 c0 41 0f b7 c9 2b c8 8b c1 c3
0x0000000078efb8a8:   66 41 3b 73 f8 0f 86 05 a5 ff ff 4d 8b 1b 4c 89 


Stack: [0x0000000008a50000,0x0000000008ad0000),  sp=0x0000000008acf1d0,  free space=508k
Native frames: (J=compiled Java code, j=interpreted, Vv=VM code, C=native code)
C  [ntdll.dll+0x3b8a8]

Java frames: (J=compiled Java code, j=interpreted, Vv=VM code)
j  com.mathworks.util.NativeJava.createWindowsFileDialogMulti(JZLjava/lang/String;Ljava/lang/String;Ljava/lang/String;Ljava/lang/String;ZZLjava/lang/String;)Ljava/lang/String;+0
j  com.mathworks.mwswing.MJFileChooserPerPlatform$RunnableWindowsDispatch.run()V+33
j  java.lang.Thread.run()V+11
v  ~StubRoutines::call_stub

---------------  P R O C E S S  ---------------

Java Threads: ( => current thread )
=>0x0000000041ccb000 JavaThread "Thread-32" [_thread_in_native, id=2840]
  0x0000000041cc9800 JavaThread "Timer-4" [_thread_blocked, id=1248]
  0x0000000011261800 JavaThread "Active Reference Queue Daemon" daemon [_thread_blocked, id=4092]
  0x000000001125e000 JavaThread "Timer-3" daemon [_thread_blocked, id=3080]
  0x00000000041fa800 JavaThread "Prefs Updater" [_thread_blocked, id=2660]
  0x0000000011261000 JavaThread "Timer queue for AWT thread" daemon [_thread_blocked, id=3036]
  0x000000001125f400 JavaThread "Timer-1" daemon [_thread_blocked, id=3764]
  0x000000001125d800 JavaThread "TimerQueue" daemon [_thread_blocked, id=2968]
  0x000000001125d000 JavaThread "AWT-EventQueue-0" [_thread_blocked, id=520]
  0x00000000041f8400 JavaThread "Timer-0" [_thread_blocked, id=3796]
  0x00000000041f7c00 JavaThread "AWT-Windows" daemon [_thread_in_native, id=2328]
  0x00000000041f7400 JavaThread "AWT-Shutdown" [_thread_blocked, id=2624]
  0x00000000041f7000 JavaThread "Java2D Disposer" daemon [_thread_blocked, id=2040]
  0x00000000041f6800 JavaThread "Low Memory Detector" daemon [_thread_blocked, id=180]
  0x00000000041f6000 JavaThread "CompilerThread1" daemon [_thread_blocked, id=2788]
  0x00000000041f5800 JavaThread "CompilerThread0" daemon [_thread_blocked, id=2720]
  0x00000000041f5000 JavaThread "Attach Listener" daemon [_thread_blocked, id=3964]
  0x00000000041f4c00 JavaThread "Signal Dispatcher" daemon [_thread_blocked, id=2664]
  0x00000000041f4400 JavaThread "Finalizer" daemon [_thread_blocked, id=2480]
  0x00000000041f3c00 JavaThread "Reference Handler" daemon [_thread_blocked, id=1800]
  0x00000000041f3400 JavaThread "main" [_thread_in_native, id=3788]

Other Threads:
  0x0000000004224c00 VMThread [id=3412]
  0x0000000004225400 WatcherThread [id=3948]

VM state:not at safepoint (normal execution)

VM Mutex/Monitor currently owned by a thread: None

Heap
 PSYoungGen      total 28672K, used 10350K [0x0000000029b50000, 0x000000002c240000, 0x000000002cc50000)
  eden space 18624K, 25% used [0x0000000029b50000,0x0000000029fee820,0x000000002ad80000)
  from space 10048K, 55% used [0x000000002b870000,0x000000002bded230,0x000000002c240000)
  to   space 10624K, 0% used [0x000000002ad80000,0x000000002ad80000,0x000000002b7e0000)
 PSOldGen        total 121792K, used 105773K [0x0000000020850000, 0x0000000027f40000, 0x0000000029b50000)
  object space 121792K, 86% used [0x0000000020850000,0x0000000026f9b730,0x0000000027f40000)
 PSPermGen       total 83648K, used 48883K [0x0000000018850000, 0x000000001da00000, 0x0000000020850000)
  object space 83648K, 58% used [0x0000000018850000,0x000000001b80cdc8,0x000000001da00000)

Dynamic libraries:
0x0000000140000000 - 0x00000001400ed000 	C:\Program Files\MATLAB\R2007b\bin\win64\MATLAB.exe
0x0000000078ec0000 - 0x0000000078ff9000 	C:\WINDOWS\system32\ntdll.dll
0x0000000077d40000 - 0x0000000077eb3000 	C:\WINDOWS\system32\kernel32.dll
0x0000000180000000 - 0x00000001801fb000 	C:\Program Files\MATLAB\R2007b\bin\win64\libmwservices.dll
0x0000000001350000 - 0x00000000013af000 	C:\Program Files\MATLAB\R2007b\bin\win64\libmwmathutil.dll
0x00000000013c0000 - 0x000000000142b000 	C:\Program Files\MATLAB\R2007b\bin\win64\libmx.dll
0x0000000001440000 - 0x0000000001845000 	C:\Program Files\MATLAB\R2007b\bin\win64\libut.dll
0x000007ff7e2a0000 - 0x000007ff7e2b3000 	C:\WINDOWS\system32\imagehlp.dll
0x000007ff7fc00000 - 0x000007ff7fc86000 	C:\WINDOWS\system32\msvcrt.dll
0x000007ff7e1b0000 - 0x000007ff7e1c0000 	C:\WINDOWS\system32\PSAPI.DLL
0x0000000012000000 - 0x0000000012292000 	C:\Program Files\MATLAB\R2007b\bin\win64\xerces-c_2_7.dll
0x000000004a800000 - 0x000000004a920000 	C:\Program Files\MATLAB\R2007b\bin\win64\icuuc36.dll
0x000007ff7fee0000 - 0x000007ff7ffe5000 	C:\WINDOWS\system32\ADVAPI32.dll
0x000007ff7fd30000 - 0x000007ff7fed9000 	C:\WINDOWS\system32\RPCRT4.dll
0x0000000010000000 - 0x0000000010003000 	C:\Program Files\MATLAB\R2007b\bin\win64\icudt36.dll
0x0000000078130000 - 0x00000000781f9000 	C:\WINDOWS\WinSxS\amd64_Microsoft.VC80.CRT_1fc8b3b9a1e18e3b_8.0.50727.762_x-ww_9D1C6CE0\MSVCR80.dll
0x000007ff77150000 - 0x000007ff77180000 	C:\WINDOWS\system32\WS2_32.dll
0x000007ff77140000 - 0x000007ff7714c000 	C:\WINDOWS\system32\WS2HELP.dll
0x0000000001890000 - 0x00000000019a2000 	C:\Program Files\MATLAB\R2007b\bin\win64\icuin36.dll
0x000000004ab00000 - 0x000000004ab11000 	C:\Program Files\MATLAB\R2007b\bin\win64\icuio36.dll
0x000000007c420000 - 0x000000007c529000 	C:\WINDOWS\WinSxS\amd64_Microsoft.VC80.CRT_1fc8b3b9a1e18e3b_8.0.50727.762_x-ww_9D1C6CE0\MSVCP80.dll
0x0000000077c20000 - 0x0000000077d2c000 	C:\WINDOWS\system32\USER32.dll
0x000007ff7fc90000 - 0x000007ff7fd2a000 	C:\WINDOWS\system32\GDI32.dll
0x00000000019d0000 - 0x00000000019e7000 	C:\Program Files\MATLAB\R2007b\bin\win64\zlib1.dll
0x00000000019f0000 - 0x0000000001a44000 	C:\Program Files\MATLAB\R2007b\bin\win64\mpath.dll
0x000007ff76200000 - 0x000007ff762ee000 	C:\WINDOWS\WinSxS\amd64_Microsoft.Windows.Common-Controls_6595b64144ccf1df_5.82.3790.2778_x-ww_7B85EF6C\COMCTL32.dll
0x000007ff7d360000 - 0x000007ff7d3d7000 	C:\WINDOWS\system32\comdlg32.dll
0x000007ff7f190000 - 0x000007ff7fb99000 	C:\WINDOWS\system32\SHELL32.dll
0x000007ff7ef60000 - 0x000007ff7effb000 	C:\WINDOWS\system32\SHLWAPI.dll
0x000007ff77370000 - 0x000007ff77408000 	C:\WINDOWS\system32\NETAPI32.dll
0x0000000001a60000 - 0x0000000001aaf000 	C:\Program Files\MATLAB\R2007b\bin\win64\mcr.dll
0x0000000001ac0000 - 0x0000000001ade000 	C:\Program Files\MATLAB\R2007b\bin\win64\bridge.dll
0x0000000001af0000 - 0x0000000001b00000 	C:\Program Files\MATLAB\R2007b\bin\win64\iqm.dll
0x0000000001b10000 - 0x0000000001b21000 	C:\Program Files\MATLAB\R2007b\bin\win64\libmex.dll
0x0000000001b40000 - 0x0000000001bc4000 	C:\Program Files\MATLAB\R2007b\bin\win64\m_dispatcher.dll
0x0000000001be0000 - 0x0000000001c05000 	C:\Program Files\MATLAB\R2007b\bin\win64\datasvcs.dll
0x0000000001c20000 - 0x000000000244e000 	C:\Program Files\MATLAB\R2007b\bin\win64\m_interpreter.dll
0x000007ff724e0000 - 0x000007ff7261e000 	C:\WINDOWS\system32\dbghelp.dll
0x000007ff7fbf0000 - 0x000007ff7fbfb000 	C:\WINDOWS\system32\VERSION.dll
0x0000000002460000 - 0x0000000002490000 	C:\Program Files\MATLAB\R2007b\bin\win64\libmat.dll
0x00000000024a0000 - 0x00000000025b2000 	C:\Program Files\MATLAB\R2007b\bin\win64\libhdf5.dll
0x00000000025c0000 - 0x00000000025cb000 	C:\Program Files\MATLAB\R2007b\bin\win64\libmwmathrng.dll
0x00000000025e0000 - 0x0000000002628000 	C:\Program Files\MATLAB\R2007b\bin\win64\m_ir.dll
0x0000000002640000 - 0x0000000002bf8000 	C:\Program Files\MATLAB\R2007b\bin\win64\m_parser.dll
0x0000000002c10000 - 0x0000000002c20000 	C:\Program Files\MATLAB\R2007b\bin\win64\ir_xfmr.dll
0x0000000002c30000 - 0x0000000002de6000 	C:\Program Files\MATLAB\R2007b\bin\win64\mcos.dll
0x0000000002e00000 - 0x0000000002e0c000 	C:\Program Files\MATLAB\R2007b\bin\win64\mtok.dll
0x0000000002e20000 - 0x0000000002e40000 	C:\Program Files\MATLAB\R2007b\bin\win64\m_pcodegen.dll
0x0000000002e50000 - 0x0000000002e6b000 	C:\Program Files\MATLAB\R2007b\bin\win64\m_pcodeio.dll
0x0000000002e80000 - 0x0000000002eec000 	C:\Program Files\MATLAB\R2007b\bin\win64\profiler.dll
0x0000000002f00000 - 0x0000000002f12000 	C:\Program Files\MATLAB\R2007b\bin\win64\boost_thread-vc80-mt-1_33_1.dll
0x0000000002f30000 - 0x0000000002ff0000 	C:\Program Files\MATLAB\R2007b\bin\win64\udd.dll
0x0000000003000000 - 0x000000000306b000 	C:\Program Files\MATLAB\R2007b\bin\win64\comcli.dll
0x0000000003080000 - 0x00000000030d2000 	C:\Program Files\MATLAB\R2007b\bin\win64\jmi.dll
0x000007ff770f0000 - 0x000007ff770fa000 	C:\WINDOWS\system32\WSOCK32.dll
0x00000000030f0000 - 0x000000000319f000 	C:\Program Files\MATLAB\R2007b\bin\win64\uiw.dll
0x00000000031b0000 - 0x00000000032c6000 	C:\Program Files\MATLAB\R2007b\bin\win64\libmwgui.dll
0x00000000032e0000 - 0x000000000331e000 	C:\Program Files\MATLAB\R2007b\bin\win64\libmwhardcopy.dll
0x0000000003330000 - 0x0000000003381000 	C:\Program Files\MATLAB\R2007b\bin\win64\libuij.dll
0x00000000033a0000 - 0x00000000033aa000 	C:\Program Files\MATLAB\R2007b\bin\win64\uinone.dll
0x00000000033c0000 - 0x000000000355b000 	C:\WINDOWS\WinSxS\amd64_Microsoft.VC80.MFC_1fc8b3b9a1e18e3b_8.0.50727.762_x-ww_6E02DFE5\MFC80.DLL
0x000007ff78d50000 - 0x000007ff78d91000 	C:\WINDOWS\system32\WINSPOOL.DRV
0x000007ff7ece0000 - 0x000007ff7ef52000 	C:\WINDOWS\system32\ole32.dll
0x000007ff7ebc0000 - 0x000007ff7ecd4000 	C:\WINDOWS\system32\OLEAUT32.dll
0x000000007c630000 - 0x000000007c64f000 	C:\WINDOWS\WinSxS\amd64_Microsoft.VC80.ATL_1fc8b3b9a1e18e3b_8.0.50727.762_x-ww_FDBC5A54\ATL80.DLL
0x0000000003560000 - 0x0000000003770000 	C:\Program Files\MATLAB\R2007b\bin\win64\hg.dll
0x0000000003780000 - 0x00000000039f9000 	C:\Program Files\MATLAB\R2007b\bin\win64\numerics.dll
0x0000000003a10000 - 0x0000000003a1c000 	C:\Program Files\MATLAB\R2007b\bin\win64\libmwamd.dll
0x0000000003a20000 - 0x0000000003ab1000 	C:\Program Files\MATLAB\R2007b\bin\win64\libmwcholmod.dll
0x0000000003ac0000 - 0x0000000003acb000 	C:\Program Files\MATLAB\R2007b\bin\win64\libmwcolamd.dll
0x0000000003ad0000 - 0x0000000003aee000 	C:\Program Files\MATLAB\R2007b\bin\win64\libmwlapack.dll
0x0000000003b00000 - 0x0000000003b10000 	C:\Program Files\MATLAB\R2007b\bin\win64\libmwbinder.dll
0x0000000003b20000 - 0x0000000003b2c000 	C:\Program Files\MATLAB\R2007b\bin\win64\libmwblas.dll
0x0000000003b40000 - 0x0000000003b48000 	C:\Program Files\MATLAB\R2007b\bin\win64\libmwcsparse.dll
0x0000000003b50000 - 0x0000000003b7d000 	C:\Program Files\MATLAB\R2007b\bin\win64\libmwma57.dll
0x0000000003b80000 - 0x0000000003c4c000 	C:\Program Files\MATLAB\R2007b\bin\win64\libifcoremd.dll
0x0000000003c50000 - 0x0000000003e6a000 	C:\Program Files\MATLAB\R2007b\bin\win64\libmmd.dll
0x0000000003e70000 - 0x0000000003f39000 	C:\Program Files\MATLAB\R2007b\bin\win64\libmwumfpack.dll
0x0000000003f40000 - 0x0000000003fe6000 	C:\Program Files\MATLAB\R2007b\bin\win64\libfftw3.dll
0x0000000004000000 - 0x00000000040a1000 	C:\Program Files\MATLAB\R2007b\bin\win64\libfftw3f.dll
0x00000000040c0000 - 0x00000000040ce000 	C:\Program Files\MATLAB\R2007b\bin\win64\mlautoregister.dll
0x00000000040e0000 - 0x00000000040f7000 	C:\Program Files\MATLAB\R2007b\bin\win64\mwoles05.DLL
0x0000000004110000 - 0x000000000419f000 	C:\Program Files\MATLAB\R2007b\bin\win64\udd_mi.dll
0x000007ff7f000000 - 0x000007ff7f187000 	C:\WINDOWS\WinSxS\amd64_Microsoft.Windows.Common-Controls_6595b64144ccf1df_6.0.3790.2778_x-ww_DAFA34F1\comctl32.dll
0x000000005d360000 - 0x000000005d36d000 	C:\WINDOWS\WinSxS\amd64_Microsoft.VC80.MFCLOC_1fc8b3b9a1e18e3b_8.0.50727.762_x-ww_C351F8E3\MFC80ENU.DLL
0x0000000007380000 - 0x0000000007927000 	C:\Program Files\MATLAB\R2007b\bin\win64\mllapack.dll
0x0000000007930000 - 0x00000000080b2000 	C:\Program Files\MATLAB\R2007b\bin\win64\mkl.dll
0x00000000071c0000 - 0x0000000007205000 	C:\Program Files\MATLAB\R2007b\bin\win64\libguide40.dll
0x0000000007330000 - 0x0000000007336000 	C:\Program Files\MATLAB\R2007b\bin\win64\mklcompat.dll
0x000007ff77060000 - 0x000007ff770df000 	C:\WINDOWS\system32\uxtheme.dll
0x000007ff7a240000 - 0x000007ff7a2df000 	C:\WINDOWS\system32\MSCTF.dll
0x0000000018800000 - 0x000000001884c000 	C:\Program Files\UltraMon\RTSUltraMonHook.dll
0x000007ff799e0000 - 0x000007ff799e4000 	C:\WINDOWS\system32\icmp.Dll
0x000007ff57250000 - 0x000007ff57281000 	C:\WINDOWS\system32\iphlpapi.dll
0x000007ff7e7f0000 - 0x000007ff7e812000 	C:\WINDOWS\system32\Secur32.dll
0x000007ff76fe0000 - 0x000007ff7705c000 	C:\WINDOWS\System32\mswsock.dll
0x000007ff7e8f0000 - 0x000007ff7e93e000 	C:\WINDOWS\system32\DNSAPI.dll
0x000007ff7e820000 - 0x000007ff7e82b000 	C:\WINDOWS\System32\winrnr.dll
0x000007ff7e780000 - 0x000007ff7e7e6000 	C:\WINDOWS\system32\WLDAP32.dll
0x000007ff7ea00000 - 0x000007ff7ea07000 	C:\WINDOWS\system32\rasadhlp.dll
0x000007ff6d1f0000 - 0x000007ff6d281000 	C:\WINDOWS\system32\hnetcfg.dll
0x000007ff76fa0000 - 0x000007ff76fab000 	C:\WINDOWS\System32\wshtcpip.dll
0x000000000b900000 - 0x000000000be51000 	C:\Program Files\MATLAB\R2007b\sys\java\jre\win64\jre1.6.0\bin\server\jvm.dll
0x000007ff7e060000 - 0x000007ff7e0b0000 	C:\WINDOWS\system32\WINMM.dll
0x000000000be80000 - 0x000000000be8a000 	C:\Program Files\MATLAB\R2007b\sys\java\jre\win64\jre1.6.0\bin\hpi.dll
0x000000000bea0000 - 0x000000000beae000 	C:\Program Files\MATLAB\R2007b\sys\java\jre\win64\jre1.6.0\bin\verify.dll
0x000000000beb0000 - 0x000000000bed7000 	C:\Program Files\MATLAB\R2007b\sys\java\jre\win64\jre1.6.0\bin\java.dll
0x000000000bee0000 - 0x000000000bef2000 	C:\Program Files\MATLAB\R2007b\sys\java\jre\win64\jre1.6.0\bin\zip.dll
0x000000000f980000 - 0x000000000fbd0000 	C:\Program Files\MATLAB\R2007b\sys\java\jre\win64\jre1.6.0\bin\awt.dll
0x000007ff7d320000 - 0x000007ff7d359000 	C:\WINDOWS\system32\IMM32.dll
0x000000000fd50000 - 0x000000000fd66000 	C:\Program Files\MATLAB\R2007b\bin\win64\nativejava.dll
0x000000000fd80000 - 0x000000000fd96000 	C:\Program Files\MATLAB\R2007b\bin\win64\nativejmi.dll
0x000000000fe50000 - 0x000000000fe57000 	C:\Program Files\MATLAB\R2007b\bin\win64\nativeservices.dll
0x000000000fe70000 - 0x000000000fed9000 	C:\Program Files\MATLAB\R2007b\sys\java\jre\win64\jre1.6.0\bin\fontmanager.dll
0x000000000ff60000 - 0x000000000ff77000 	C:\Program Files\MATLAB\R2007b\sys\java\jre\win64\jre1.6.0\bin\net.dll
0x000000000ff80000 - 0x000000000ff8b000 	C:\Program Files\MATLAB\R2007b\sys\java\jre\win64\jre1.6.0\bin\nio.dll
0x00000000119b0000 - 0x00000000119b9000 	C:\Program Files\MATLAB\R2007b\bin\win64\nativemlint.dll
0x00000000119d0000 - 0x0000000011a1f000 	C:\Program Files\MATLAB\R2007b\bin\win64\mlint.dll
0x0000000011a30000 - 0x0000000011a37000 	C:\Program Files\MATLAB\R2007b\bin\win64\nativelex.dll
0x0000000011ae0000 - 0x0000000011aed000 	C:\Program Files\MATLAB\R2007b\bin\win64\nativecmdwin.dll
0x000007ff7d310000 - 0x000007ff7d316000 	C:\WINDOWS\system32\MSIMG32.dll
0x000000000a9a0000 - 0x000000000a9c8000 	C:\Program Files\MATLAB\R2007b\sys\java\jre\win64\jre1.6.0\bin\dcpr.dll
0x000007ff7dbf0000 - 0x000007ff7dc42000 	C:\WINDOWS\system32\spool\DRIVERS\x64\3\UNIDRVUI.DLL
0x000000000a910000 - 0x000000000a91e000 	C:\Program Files\UltraMon\Resources\en\UltraMonRes.dll
0x000000000b1e0000 - 0x000000000b351000 	C:\Program Files\MATLAB\R2007b\bin\win64\libmwbuiltins.dll
0x000000000b400000 - 0x000000000b435000 	C:\Program Files\MATLAB\R2007b\sys\java\jre\win64\jre1.6.0\bin\jpeg.dll
0x000000000b380000 - 0x000000000b387000 	C:\Program Files\MATLAB\R2007b\bin\win64\nativeutil.dll
0x000007ff7ea10000 - 0x000007ff7eaed000 	C:\WINDOWS\system32\CLBCatQ.DLL

VM Arguments:
jvm_args: -Xss512k -XX:PermSize=32M -Xms64m -XX:NewRatio=3 -XX:MaxPermSize=128M -Xmx196m -XX:MaxDirectMemorySize=2147400000 -Dsun.java2d.noddraw=true -Dsun.awt.nopixfmt=true -Xshare:off -Djava.library.path=C:\Program Files\MATLAB\R2007b\bin\win64 vfprintf abort
java_command: <unknown>
Launcher Type: generic

Environment Variables:
CLASSPATH=.;c:\GDACFilesJava;c:\GDACFilesJava\GdacFiles.jar;c:\GDACFilesJava\GDACFilesMode.jar;c:\GDACFilesJava\GdacFileChooser.jar;C:\Program Files (x86)\Java\jre1.6.0_01\lib\ext\QTJava.zip
PATH=C:\WINDOWS\system32;C:\WINDOWS;C:\WINDOWS\system32\wbem;C:\Program Files\MATLAB\R2007b\bin;C:\Program Files\MATLAB\R2007b\bin\win64;C:\Program Files\MATLAB\R2007a\bin;C:\Program Files\MATLAB\R2007a\bin\win64;C:\WATCOM\BINNT;C:\WATCOM\BINW;c:\Program Files (x86)\Microsoft SQL Server\90\Tools\binn\;C:\Program Files (x86)\Affymetrix\GDACFiles;C:\Program Files (x86)\QuickTime\QTSystem\;C:\Program Files (x86)\SSH Communications Security\SSH Secure Shell
USERNAME=Will
OS=Windows_NT
PROCESSOR_IDENTIFIER=EM64T Family 6 Model 15 Stepping 6, GenuineIntel



---------------  S Y S T E M  ---------------

OS: Windows Server 2003 family Build 3790 Service Pack 1

CPU:total 4 em64t ht

Memory: 4k page, physical 4191600k(2045336k free), swap 6017684k(4094528k free)

vm_info: Java HotSpot(TM) 64-Bit Server VM (1.6.0-b105) for windows-amd64, built on Nov 29 2006 00:38:01 by "java_re" with unknown MS VC++:1400

